--- Startup times for process: Primary (or UI client) ---

times in msec
 clock   self+sourced   self:  sourced script
 clock   elapsed:              other lines

000.001  000.001: --- NVIM STARTING ---
000.091  000.090: event init
000.154  000.063: early init
000.188  000.033: locale set
000.218  000.030: init first window
000.475  000.257: inits 1
000.479  000.005: window checked
000.481  000.001: parsing arguments
000.846  000.027  000.027: require('vim.shared')
000.913  000.026  000.026: require('vim.inspect')
000.945  000.026  000.026: require('vim._options')
000.947  000.096  000.044: require('vim._editor')
000.947  000.141  000.019: require('vim._init_packages')
000.949  000.327: init lua interpreter
003.001  002.052: nvim_ui_attach
003.384  000.383: nvim_set_client_info
003.386  000.002: --- NVIM STARTED ---

--- Startup times for process: Embedded ---

times in msec
 clock   self+sourced   self:  sourced script
 clock   elapsed:              other lines

000.001  000.001: --- NVIM STARTING ---
000.107  000.107: event init
000.164  000.057: early init
000.197  000.033: locale set
000.224  000.027: init first window
000.650  000.427: inits 1
000.660  000.010: window checked
000.662  000.002: parsing arguments
001.239  000.028  000.028: require('vim.shared')
001.364  000.029  000.029: require('vim.inspect')
001.399  000.027  000.027: require('vim._options')
001.401  000.158  000.102: require('vim._editor')
001.402  000.209  000.023: require('vim._init_packages')
001.403  000.532: init lua interpreter
001.452  000.049: expanding arguments
001.469  000.018: inits 2
001.669  000.200: init highlight
001.671  000.002: waiting for UI
001.854  000.183: done waiting for UI
001.872  000.019: clear screen
001.968  000.006  000.006: require('vim.keymap')
002.555  000.125  000.125: sourcing nvim_exec2()
003.015  000.388  000.388: require('vim.termcap')
003.059  000.015  000.015: require('vim.text')
003.124  001.248  000.714: require('vim._defaults')
003.126  000.006: init default mappings & autocommands
003.218  000.059  000.059: sourcing /usr/share/nvim/runtime/ftplugin.vim
003.275  000.037  000.037: sourcing /usr/share/nvim/runtime/indent.vim
003.384  000.068  000.068: sourcing /usr/share/nvim/archlinux.lua
003.392  000.100  000.032: sourcing /etc/xdg/nvim/sysinit.vim
004.162  000.164  000.164: require('plugins.autopairs')
004.200  000.033  000.033: require('plugins.blink')
004.280  000.041  000.041: require('plugins.cmake-tools')
004.312  000.023  000.023: require('plugins.colorscheme')
004.355  000.026  000.026: require('plugins.conform')
004.389  000.029  000.029: require('plugins.dap-ui')
004.471  000.063  000.063: require('plugins.dap')
004.508  000.032  000.032: require('plugins.easymotions')
004.580  000.067  000.067: require('plugins.fugitive')
004.613  000.028  000.028: require('plugins.go')
004.643  000.027  000.027: require('plugins.harpoon')
004.670  000.024  000.024: require('plugins.mason')
004.688  000.015  000.015: require('plugins.nerdico')
004.755  000.064  000.064: require('plugins.telescope')
004.789  000.031  000.031: require('plugins.terminal')
004.840  000.048  000.048: require('plugins.treesitter')
004.866  000.023  000.023: require('plugins.undotree')
004.952  000.084  000.084: require('lazy')
004.980  000.018  000.018: require('ffi')
005.020  000.018  000.018: require('vim.fs')
005.099  000.076  000.076: require('vim.uri')
005.110  000.126  000.033: require('vim.loader')
005.380  000.259  000.259: require('lazy.stats')
005.544  000.132  000.132: require('lazy.core.util')
005.678  000.131  000.131: require('lazy.core.config')
005.882  000.093  000.093: require('lazy.core.handler')
006.106  000.071  000.071: require('lazy.pkg')
006.112  000.151  000.080: require('lazy.core.meta')
006.115  000.230  000.079: require('lazy.core.plugin')
006.121  000.441  000.118: require('lazy.core.loader')
006.643  000.196  000.196: require('lazy.core.fragments')
007.650  000.077  000.077: require('lazy.core.handler.keys')
007.708  000.054  000.054: require('lazy.core.handler.event')
007.766  000.054  000.054: require('lazy.core.handler.ft')
007.804  000.035  000.035: require('lazy.core.handler.cmd')
007.903  000.004  000.004: sourcing nvim_exec2() called at /home/mbrown/.config/nvim/init.lua:0
008.003  000.043  000.043: sourcing /home/mbrown/.local/share/nvim/lazy/go.nvim/ftdetect/filetype.vim
008.006  000.064  000.021: sourcing nvim_exec2() called at /home/mbrown/.config/nvim/init.lua:0
008.010  000.001  000.001: sourcing nvim_exec2() called at /home/mbrown/.config/nvim/init.lua:0
008.163  000.075  000.075: sourcing nvim_exec2() called at /usr/share/nvim/runtime/filetype.lua:0
008.165  000.117  000.042: sourcing /usr/share/nvim/runtime/filetype.lua
008.167  000.131  000.015: sourcing nvim_exec2() called at /home/mbrown/.config/nvim/init.lua:0
008.258  000.003  000.003: sourcing nvim_exec2() called at /home/mbrown/.config/nvim/init.lua:0
008.266  000.001  000.001: sourcing nvim_exec2() called at /home/mbrown/.config/nvim/init.lua:0
016.744  008.084  008.084: sourcing /home/mbrown/.local/share/nvim/lazy/jellybeans.vim/colors/jellybeans.vim
016.824  000.003  000.003: sourcing nvim_exec2() called at /home/mbrown/.config/nvim/init.lua:0
016.832  000.001  000.001: sourcing nvim_exec2() called at /home/mbrown/.config/nvim/init.lua:0
017.258  000.049  000.049: require('toggleterm.lazy')
017.290  000.029  000.029: require('toggleterm.constants')
017.446  000.153  000.153: require('toggleterm.terminal')
017.451  000.615  000.384: require('toggleterm')
017.592  000.092  000.092: require('toggleterm.colors')
017.636  000.042  000.042: require('toggleterm.utils')
017.643  000.190  000.056: require('toggleterm.config')
017.705  000.007  000.007: require('vim.F')
017.782  000.073  000.073: require('vim.version')
019.002  000.081  000.081: require('toggleterm.commandline')
019.146  000.004  000.004: sourcing nvim_exec2() called at /home/mbrown/.config/nvim/init.lua:0
019.159  000.001  000.001: sourcing nvim_exec2() called at /home/mbrown/.config/nvim/init.lua:0
020.131  000.167  000.167: require('nvim-autopairs._log')
020.239  000.105  000.105: require('nvim-autopairs.utils')
020.245  000.418  000.146: require('nvim-autopairs.conds')
020.248  000.489  000.071: require('nvim-autopairs.rule')
020.254  000.614  000.124: require('nvim-autopairs.rules.basic')
020.259  001.063  000.449: require('nvim-autopairs')
020.817  000.003  000.003: sourcing nvim_exec2() called at /home/mbrown/.config/nvim/init.lua:0
020.825  000.001  000.001: sourcing nvim_exec2() called at /home/mbrown/.config/nvim/init.lua:0
021.032  000.049  000.049: require('vim.lsp.log')
021.387  000.353  000.353: require('vim.lsp.protocol')
021.509  000.117  000.117: require('vim.lsp.util')
021.633  000.030  000.030: require('vim.lsp.sync')
021.638  000.127  000.097: require('vim.lsp._changetracking')
021.717  000.030  000.030: require('vim.lsp._transport')
021.757  000.117  000.087: require('vim.lsp.rpc')
021.806  000.908  000.146: require('vim.lsp')
022.301  000.490  000.490: require('blink.cmp')
022.400  000.043  000.043: require('blink.cmp.lib.async')
022.472  000.028  000.028: require('blink.cmp.config.utils')
022.514  000.040  000.040: require('blink.cmp.config.keymap')
022.628  000.061  000.061: require('blink.cmp.config.completion.keyword')
022.676  000.045  000.045: require('blink.cmp.config.completion.trigger')
022.719  000.042  000.042: require('blink.cmp.config.completion.list')
022.764  000.043  000.043: require('blink.cmp.config.completion.accept')
022.835  000.070  000.070: require('blink.cmp.config.completion.menu')
022.883  000.046  000.046: require('blink.cmp.config.completion.documentation')
022.980  000.095  000.095: require('blink.cmp.config.completion.ghost_text')
022.982  000.467  000.065: require('blink.cmp.config.completion')
023.038  000.054  000.054: require('blink.cmp.config.fuzzy')
023.099  000.060  000.060: require('blink.cmp.config.sources')
023.151  000.050  000.050: require('blink.cmp.config.signature')
023.204  000.051  000.051: require('blink.cmp.config.snippets')
023.250  000.044  000.044: require('blink.cmp.config.appearance')
023.291  000.039  000.039: require('blink.cmp.config.modes.cmdline')
023.330  000.037  000.037: require('blink.cmp.config.modes.term')
023.332  000.930  000.059: require('blink.cmp.config')
023.441  000.108  000.108: require('blink.cmp.lib.utils')
023.520  000.076  000.076: require('blink.cmp.lib.event_emitter')
023.528  001.224  000.067: require('blink.cmp.sources.lib')
023.542  002.676  000.054: sourcing /home/mbrown/.local/share/nvim/lazy/blink.cmp/plugin/blink-cmp.lua
023.545  002.698  000.023: sourcing nvim_exec2() called at /home/mbrown/.config/nvim/init.lua:0
023.553  000.003  000.003: sourcing nvim_exec2() called at /home/mbrown/.config/nvim/init.lua:0
023.597  000.003  000.003: sourcing nvim_exec2() called at /home/mbrown/.config/nvim/init.lua:0
023.700  000.043  000.043: require('blink-cmp')
024.834  000.063  000.063: require('blink.cmp.config.modes.types')
025.529  000.035  000.035: require('blink.cmp.fuzzy.download.system')
025.547  000.124  000.089: require('blink.cmp.fuzzy.download.files')
025.549  000.328  000.204: require('blink.cmp.fuzzy.download.git')
025.551  000.447  000.119: require('blink.cmp.fuzzy.download')
025.652  000.045  000.045: require('vim._system')
028.056  000.053  000.053: require('nvim-treesitter.utils')
028.489  000.028  000.028: require('vim.treesitter.language')
028.514  000.022  000.022: require('vim.func')
028.542  000.024  000.024: require('vim.func._memoize')
028.634  000.221  000.148: require('vim.treesitter.query')
028.676  000.040  000.040: require('vim.treesitter._range')
028.688  000.335  000.074: require('vim.treesitter.languagetree')
028.692  000.384  000.049: require('vim.treesitter')
029.117  001.058  000.674: require('nvim-treesitter.parsers')
029.305  000.027  000.027: require('nvim-treesitter.compat')
029.389  000.050  000.050: require('nvim-treesitter.ts_utils')
029.393  000.086  000.036: require('nvim-treesitter.tsrange')
029.424  000.029  000.029: require('nvim-treesitter.caching')
029.431  000.201  000.059: require('nvim-treesitter.query')
029.440  000.272  000.071: require('nvim-treesitter.configs')
029.443  000.323  000.051: require('nvim-treesitter.info')
029.495  000.050  000.050: require('nvim-treesitter.shell_command_selectors')
029.510  001.622  000.137: require('nvim-treesitter.install')
029.542  000.030  000.030: require('nvim-treesitter.statusline')
029.601  000.058  000.058: require('nvim-treesitter.query_predicates')
029.605  001.906  000.196: require('nvim-treesitter')
029.737  000.128  000.128: require('vim.iter')
030.510  002.926  000.892: sourcing /home/mbrown/.local/share/nvim/lazy/nvim-treesitter/plugin/nvim-treesitter.lua
030.515  002.983  000.058: sourcing nvim_exec2() called at /home/mbrown/.config/nvim/init.lua:0
030.525  000.002  000.002: sourcing nvim_exec2() called at /home/mbrown/.config/nvim/init.lua:0
030.537  000.001  000.001: sourcing nvim_exec2() called at /home/mbrown/.config/nvim/init.lua:0
031.496  000.072  000.072: require('nvim-treesitter.locals')
031.503  000.140  000.068: require('nvim-treesitter.incremental_selection')
031.605  000.056  000.056: require('nvim-treesitter.highlight')
031.731  000.086  000.086: require('nvim-treesitter.indent')
034.319  002.477  002.477: sourcing /home/mbrown/.local/share/nvim/lazy/vim-easymotion/plugin/EasyMotion.vim
034.324  002.503  000.026: sourcing nvim_exec2() called at /home/mbrown/.config/nvim/init.lua:0
034.331  000.002  000.002: sourcing nvim_exec2() called at /home/mbrown/.config/nvim/init.lua:0
034.345  000.001  000.001: sourcing nvim_exec2() called at /home/mbrown/.config/nvim/init.lua:0
034.639  000.092  000.092: sourcing /home/mbrown/.local/share/nvim/lazy/nvim-dap/plugin/dap.lua
034.644  000.114  000.022: sourcing nvim_exec2() called at /home/mbrown/.config/nvim/init.lua:0
034.651  000.002  000.002: sourcing nvim_exec2() called at /home/mbrown/.config/nvim/init.lua:0
034.664  000.001  000.001: sourcing nvim_exec2() called at /home/mbrown/.config/nvim/init.lua:0
035.407  000.111  000.111: require('dap.utils')
035.565  000.896  000.785: require('dap')
035.841  000.115  000.115: sourcing /home/mbrown/.local/share/nvim/lazy/undotree/plugin/undotree.vim
035.845  000.137  000.022: sourcing nvim_exec2() called at /home/mbrown/.config/nvim/init.lua:0
035.850  000.001  000.001: sourcing nvim_exec2() called at /home/mbrown/.config/nvim/init.lua:0
035.861  000.001  000.001: sourcing nvim_exec2() called at /home/mbrown/.config/nvim/init.lua:0
036.111  000.040  000.040: sourcing /home/mbrown/.local/share/nvim/lazy/conform.nvim/plugin/conform.lua
036.115  000.061  000.021: sourcing nvim_exec2() called at /home/mbrown/.config/nvim/init.lua:0
036.120  000.002  000.002: sourcing nvim_exec2() called at /home/mbrown/.config/nvim/init.lua:0
036.129  000.001  000.001: sourcing nvim_exec2() called at /home/mbrown/.config/nvim/init.lua:0
036.407  000.244  000.244: require('conform')
037.648  001.004  001.004: sourcing /home/mbrown/.local/share/nvim/lazy/plenary.nvim/plugin/plenary.vim
037.657  001.030  000.026: sourcing nvim_exec2() called at /home/mbrown/.config/nvim/init.lua:0
037.669  000.002  000.002: sourcing nvim_exec2() called at /home/mbrown/.config/nvim/init.lua:0
037.686  000.001  000.001: sourcing nvim_exec2() called at /home/mbrown/.config/nvim/init.lua:0
037.851  000.002  000.002: sourcing nvim_exec2() called at /home/mbrown/.config/nvim/init.lua:0
037.864  000.001  000.001: sourcing nvim_exec2() called at /home/mbrown/.config/nvim/init.lua:0
038.220  000.308  000.308: sourcing /home/mbrown/.local/share/nvim/lazy/telescope.nvim/plugin/telescope.lua
038.226  000.332  000.024: sourcing nvim_exec2() called at /home/mbrown/.config/nvim/init.lua:0
038.232  000.002  000.002: sourcing nvim_exec2() called at /home/mbrown/.config/nvim/init.lua:0
038.244  000.001  000.001: sourcing nvim_exec2() called at /home/mbrown/.config/nvim/init.lua:0
038.846  000.063  000.063: require('telescope._extensions')
038.852  000.605  000.542: require('telescope')
039.023  000.169  000.169: require('telescope.builtin')
040.379  000.032  000.032: require('plenary.bit')
040.411  000.027  000.027: require('plenary.functional')
040.432  000.145  000.086: require('plenary.path')
040.442  000.192  000.047: require('plenary.strings')
040.713  000.194  000.194: require('plenary.log')
040.799  000.308  000.114: require('telescope.log')
040.987  000.038  000.038: require('plenary.compat')
040.994  000.118  000.080: require('plenary.job')
041.028  000.033  000.033: require('telescope.state')
041.072  000.036  000.036: require('vim.hl')
041.086  000.284  000.097: require('telescope.utils')
041.091  000.647  000.055: require('telescope.sorters')
042.672  003.082  002.242: require('telescope.config')
042.771  000.037  000.037: require('plenary.window.border')
042.801  000.028  000.028: require('plenary.window')
042.824  000.022  000.022: require('plenary.popup.utils')
042.827  000.151  000.064: require('plenary.popup')
042.859  000.031  000.031: require('telescope.pickers.scroller')
042.890  000.029  000.029: require('telescope.actions.state')
043.056  000.165  000.165: require('telescope.actions.utils')
043.154  000.034  000.034: require('telescope.actions.mt')
043.167  000.107  000.073: require('telescope.actions.set')
043.278  000.038  000.038: require('telescope.config.resolve')
043.281  000.113  000.076: require('telescope.pickers.entry_display')
043.311  000.028  000.028: require('telescope.from_entry')
043.441  004.415  000.709: require('telescope.actions')
044.508  000.116  000.116: require('fzf_lib')
044.513  000.175  000.059: require('telescope._extensions.fzf')
044.896  000.007  000.007: sourcing nvim_exec2() called at /home/mbrown/.config/nvim/init.lua:0
044.912  000.001  000.001: sourcing nvim_exec2() called at /home/mbrown/.config/nvim/init.lua:0
044.924  000.001  000.001: sourcing nvim_exec2() called at /home/mbrown/.config/nvim/init.lua:0
044.932  000.001  000.001: sourcing nvim_exec2() called at /home/mbrown/.config/nvim/init.lua:0
045.334  000.036  000.036: require('nio.tasks')
045.370  000.033  000.033: require('nio.control')
045.497  000.125  000.125: require('nio.uv')
045.545  000.045  000.045: require('nio.tests')
045.648  000.050  000.050: require('vim.ui')
045.652  000.106  000.056: require('nio.ui')
045.741  000.057  000.057: require('nio.streams')
045.744  000.090  000.033: require('nio.file')
045.836  000.027  000.027: require('nio.util')
045.871  000.094  000.068: require('nio.logger')
045.876  000.132  000.037: require('nio.lsp')
045.909  000.032  000.032: require('nio.process')
045.917  000.655  000.057: require('nio')
046.202  000.014  000.014: sourcing nvim_exec2() called at /home/mbrown/.config/nvim/init.lua:0
046.205  000.063  000.049: require('dapui.config.highlights')
046.238  000.029  000.029: sourcing nvim_exec2() called at /home/mbrown/.config/nvim/init.lua:0
046.275  000.250  000.158: require('dapui.config')
046.281  000.319  000.070: require('dapui.util')
046.325  000.042  000.042: require('dapui.windows.layout')
046.329  000.411  000.050: require('dapui.windows')
046.394  000.042  000.042: require('dapui.controls')
046.398  001.460  000.353: require('dapui')
046.511  000.023  000.023: sourcing nvim_exec2() called at /home/mbrown/.config/nvim/init.lua:0
046.646  000.054  000.054: require('dapui.client.types')
046.649  000.110  000.057: require('dapui.client')
046.736  000.085  000.085: require('dap.breakpoints')
046.814  000.068  000.068: require('dapui.client.lib')
046.952  000.052  000.052: require('dapui.render.canvas')
046.955  000.132  000.081: require('dapui.elements.breakpoints')
047.024  000.046  000.046: require('dapui.components.breakpoints')
047.067  000.028  000.028: require('dapui.elements.repl')
047.099  000.027  000.027: require('dapui.elements.scopes')
047.141  000.032  000.032: require('dapui.components.scopes')
047.173  000.031  000.031: require('dapui.components.variables')
047.221  000.028  000.028: require('dapui.elements.stacks')
047.322  000.029  000.029: require('dapui.components.frames')
047.325  000.070  000.041: require('dapui.components.threads')
047.367  000.029  000.029: require('dapui.elements.watches')
047.411  000.033  000.033: require('dapui.components.watches')
047.450  000.028  000.028: require('dapui.elements.hover')
047.502  000.038  000.038: require('dapui.components.hover')
047.546  000.038  000.038: require('dapui.elements.console')
047.741  000.003  000.003: sourcing nvim_exec2() called at /home/mbrown/.config/nvim/init.lua:0
047.757  000.001  000.001: sourcing nvim_exec2() called at /home/mbrown/.config/nvim/init.lua:0
048.125  000.037  000.037: require('harpoon.utils')
048.144  000.103  000.066: require('harpoon.logger')
048.290  000.055  000.055: require('harpoon.autocmd')
048.294  000.101  000.046: require('harpoon.buffer')
048.348  000.052  000.052: require('harpoon.extensions')
048.353  000.207  000.054: require('harpoon.ui')
048.408  000.054  000.054: require('harpoon.data')
048.463  000.054  000.054: require('harpoon.config')
048.543  000.078  000.078: require('harpoon.list')
051.967  004.207  003.711: require('harpoon')
052.292  000.004  000.004: sourcing nvim_exec2() called at /home/mbrown/.config/nvim/init.lua:0
052.306  000.001  000.001: sourcing nvim_exec2() called at /home/mbrown/.config/nvim/init.lua:0
052.667  000.043  000.043: require('mason-core.path')
052.866  000.068  000.068: require('mason-core.functional.data')
052.920  000.050  000.050: require('mason-core.functional.function')
052.988  000.063  000.063: require('mason-core.functional.list')
053.041  000.046  000.046: require('mason-core.functional.relation')
053.087  000.043  000.043: require('mason-core.functional.logic')
053.146  000.056  000.056: require('mason-core.functional.number')
053.235  000.081  000.081: require('mason-core.functional.string')
053.328  000.056  000.056: require('mason-core.functional.table')
053.369  000.037  000.037: require('mason-core.functional.type')
053.372  000.642  000.143: require('mason-core.functional')
053.441  000.770  000.129: require('mason-core.platform')
053.531  000.088  000.088: require('mason.settings')
053.536  000.963  000.062: require('mason-core.installer.InstallLocation')
053.735  000.092  000.092: require('mason-core.log')
053.740  000.152  000.060: require('mason-core.EventEmitter')
053.827  000.086  000.086: require('mason-registry.sources')
053.836  000.299  000.060: require('mason-registry')
053.838  001.526  000.265: require('mason')
054.078  000.072  000.072: require('mason-core.result')
054.191  000.063  000.063: require('mason-core.async')
054.232  000.039  000.039: require('mason-core.async.uv')
054.364  000.092  000.092: require('mason-core.process')
054.436  000.071  000.071: require('mason-core.spawn')
054.440  000.206  000.044: require('mason-core.installer.managers.powershell')
054.478  000.037  000.037: require('mason.version')
054.483  000.403  000.057: require('mason-core.fetch')
054.542  000.058  000.058: require('mason-core.fs')
054.582  000.038  000.038: require('mason-core.providers')
054.666  000.046  000.046: require('mason-core.optional')
054.984  000.190  000.190: require('mason-core.purl')
055.043  000.056  000.056: require('mason-core.async.control')
055.054  000.325  000.080: require('mason-core.package.AbstractPackage')
055.354  000.069  000.069: require('mason-core.installer.compiler.expr')
055.365  000.160  000.091: require('mason-core.installer.compiler.link')
056.023  000.200  000.200: require('mason-core.installer.context.InstallContextCwd')
056.139  000.114  000.114: require('mason-core.installer.context.InstallContextFs')
056.224  000.083  000.083: require('mason-core.installer.context.InstallContextSpawn')
056.394  000.167  000.167: require('mason-core.receipt')
056.475  000.787  000.224: require('mason-core.installer.context')
056.479  001.009  000.222: require('mason-core.installer')
056.517  001.107  000.098: require('mason-core.installer.managers.std')
056.527  001.161  000.053: require('mason-core.installer.compiler.schemas')
056.686  000.158  000.158: require('mason-core.installer.compiler.util')
056.706  001.595  000.117: require('mason-core.installer.compiler')
056.844  000.136  000.136: require('mason-core.installer.linker')
056.852  001.797  000.066: require('mason-core.installer.InstallRunner')
056.946  000.093  000.093: require('mason-core.installer.UninstallRunner')
056.961  002.294  000.079: require('mason-core.package')
056.963  002.380  000.040: require('mason-registry.sources.util')
056.981  003.039  000.088: require('mason-registry.sources.github')
057.214  000.073  000.073: require('mason.api.command')
057.642  000.273  000.273: require('lspconfig.util')
057.657  000.338  000.065: sourcing /home/mbrown/.local/share/nvim/lazy/nvim-lspconfig/plugin/lspconfig.lua
057.661  000.362  000.024: sourcing nvim_exec2() called at /home/mbrown/.config/nvim/init.lua:0
057.669  000.003  000.003: sourcing nvim_exec2() called at /home/mbrown/.config/nvim/init.lua:0
057.698  000.002  000.002: sourcing nvim_exec2() called at /home/mbrown/.config/nvim/init.lua:0
057.711  000.001  000.001: sourcing nvim_exec2() called at /home/mbrown/.config/nvim/init.lua:0
057.729  000.001  000.001: sourcing nvim_exec2() called at /home/mbrown/.config/nvim/init.lua:0
057.898  000.115  000.115: require('mason-lspconfig.settings')
057.903  000.160  000.045: require('mason-lspconfig')
057.996  000.068  000.068: require('mason-registry.installer')
058.119  000.049  000.049: require('mason-registry.sources.synthesized')
058.188  000.027  000.027: require('mason-lspconfig.mappings')
058.191  000.060  000.032: require('mason-lspconfig.features.automatic_enable')
064.760  000.029  000.029: require('mason-lspconfig.notify')
064.778  000.102  000.073: require('mason-lspconfig.api.command')
065.459  000.596  000.596: sourcing /home/mbrown/.local/share/nvim/lazy/vim-fugitive/plugin/fugitive.vim
065.463  000.621  000.026: sourcing nvim_exec2() called at /home/mbrown/.config/nvim/init.lua:0
065.469  000.001  000.001: sourcing nvim_exec2() called at /home/mbrown/.config/nvim/init.lua:0
065.520  000.009  000.009: sourcing /home/mbrown/.local/share/nvim/lazy/vim-fugitive/ftdetect/fugitive.vim
065.523  000.031  000.022: sourcing nvim_exec2() called at /home/mbrown/.config/nvim/init.lua:0
065.526  000.001  000.001: sourcing nvim_exec2() called at /home/mbrown/.config/nvim/init.lua:0
065.730  000.039  000.039: sourcing /usr/share/nvim/runtime/plugin/editorconfig.lua
065.734  000.058  000.020: sourcing nvim_exec2() called at /home/mbrown/.config/nvim/init.lua:0
065.879  000.126  000.126: sourcing /usr/share/nvim/runtime/plugin/gzip.vim
065.883  000.144  000.018: sourcing nvim_exec2() called at /home/mbrown/.config/nvim/init.lua:0
065.948  000.045  000.045: sourcing /usr/share/nvim/runtime/plugin/man.lua
065.952  000.063  000.019: sourcing nvim_exec2() called at /home/mbrown/.config/nvim/init.lua:0
066.613  000.131  000.131: sourcing /usr/share/nvim/runtime/pack/dist/opt/matchit/plugin/matchit.vim
066.628  000.655  000.524: sourcing /usr/share/nvim/runtime/plugin/matchit.vim
066.630  000.672  000.017: sourcing nvim_exec2() called at /home/mbrown/.config/nvim/init.lua:0
066.736  000.085  000.085: sourcing /usr/share/nvim/runtime/plugin/matchparen.vim
066.758  000.121  000.036: sourcing nvim_exec2() called at /home/mbrown/.config/nvim/init.lua:0
067.244  000.156  000.156: sourcing /usr/share/nvim/runtime/pack/dist/opt/netrw/plugin/netrwPlugin.vim
067.259  000.437  000.281: sourcing /usr/share/nvim/runtime/plugin/netrwPlugin.vim
067.261  000.468  000.032: sourcing nvim_exec2() called at /home/mbrown/.config/nvim/init.lua:0
067.377  000.076  000.076: sourcing /usr/share/nvim/runtime/plugin/osc52.lua
067.382  000.101  000.025: sourcing nvim_exec2() called at /home/mbrown/.config/nvim/init.lua:0
067.503  000.098  000.098: sourcing /usr/share/nvim/runtime/plugin/rplugin.vim
067.506  000.118  000.021: sourcing nvim_exec2() called at /home/mbrown/.config/nvim/init.lua:0
067.568  000.037  000.037: sourcing /usr/share/nvim/runtime/plugin/shada.vim
067.570  000.059  000.022: sourcing nvim_exec2() called at /home/mbrown/.config/nvim/init.lua:0
067.609  000.012  000.012: sourcing /usr/share/nvim/runtime/plugin/spellfile.vim
067.612  000.036  000.024: sourcing nvim_exec2() called at /home/mbrown/.config/nvim/init.lua:0
067.686  000.054  000.054: sourcing /usr/share/nvim/runtime/plugin/tarPlugin.vim
067.689  000.073  000.019: sourcing nvim_exec2() called at /home/mbrown/.config/nvim/init.lua:0
067.753  000.037  000.037: sourcing /usr/share/nvim/runtime/plugin/tohtml.lua
067.756  000.063  000.026: sourcing nvim_exec2() called at /home/mbrown/.config/nvim/init.lua:0
067.792  000.014  000.014: sourcing /usr/share/nvim/runtime/plugin/tutor.vim
067.795  000.034  000.020: sourcing nvim_exec2() called at /home/mbrown/.config/nvim/init.lua:0
067.917  000.090  000.090: sourcing /usr/share/nvim/runtime/plugin/zipPlugin.vim
067.921  000.123  000.033: sourcing nvim_exec2() called at /home/mbrown/.config/nvim/init.lua:0
068.096  064.621  019.909: require('plugins')
068.309  000.057  000.057: require('config.autocmd')
068.914  000.599  000.599: require('config.keymaps')
068.998  000.077  000.077: require('config.neovide')
069.206  000.204  000.204: require('config.options')
069.209  001.111  000.173: require('config')
069.254  000.043  000.043: require('core.lsp')
069.414  000.157  000.157: require('vim.diagnostic')
069.485  000.041  000.041: require('core.diagnostics')
069.968  000.091  000.091: require('languages.bash')
070.109  000.135  000.135: require('languages.html')
070.186  000.070  000.070: require('languages.ocaml')
070.189  000.701  000.405: require('languages')
070.190  066.759  000.085: sourcing /home/mbrown/.config/nvim/init.lua
070.198  000.118: sourcing vimrc file(s)
070.517  000.084  000.084: sourcing /usr/share/nvim/runtime/filetype.lua
070.690  000.043  000.043: sourcing /usr/share/nvim/runtime/syntax/synload.vim
070.741  000.176  000.133: sourcing /usr/share/nvim/runtime/syntax/syntax.vim
070.751  000.293: inits 3
072.204  001.453: reading ShaDa
072.328  000.124: opening buffers
072.449  000.121: BufEnter autocommands
072.451  000.002: editing files in windows
072.518  000.067: VimEnter autocommands
072.634  000.116: UIEnter autocommands
072.637  000.002: before starting main loop
072.999  000.363: first screen update
073.002  000.002: --- NVIM STARTED ---

